<?xml version="1.0" ?>
<testsuite errors="1" failures="0" name="TestDescuentos-20190826085246" tests="17" time="0.000">
	<testcase classname="TestDescuentos" name="test_clientes_iniciales_cotizacion" time="0.000"/>
	<testcase classname="TestDescuentos" name="test_clientes_iniciales_edad" time="0.000"/>
	<testcase classname="TestDescuentos" name="test_clientes_mayor_5000_1" time="0.000"/>
	<testcase classname="TestDescuentos" name="test_clientes_menor_5000_1" time="0.000"/>
	<testcase classname="TestDescuentos" name="test_clientes_menor_5000_2" time="0.000"/>
	<testcase classname="TestDescuentos" name="test_edad_invalido" time="0.000"/>
	<testcase classname="TestDescuentos" name="test_especiales" time="0.000"/>
	<testcase classname="TestDescuentos" name="test_familias_dependientes_mayor_6" time="0.000"/>
	<testcase classname="TestDescuentos" name="test_familias_dependientes_menor_6" time="0.000"/>
	<testcase classname="TestDescuentos" name="test_familias_edad" time="0.000"/>
	<testcase classname="TestDescuentos" name="test_mayores_edad_mayor_80" time="0.000"/>
	<testcase classname="TestDescuentos" name="test_no_aplica" time="0.000"/>
	<testcase classname="TestDescuentos" name="test_no_aplica1" time="0.000"/>
	<testcase classname="TestDescuentos" name="test_nombre_casos_prueba" time="0.000"/>
	<testcase classname="TestDescuentos" name="test_valor_cotizado_invalido" time="0.000"/>
	<testcase classname="TestDescuentos" name="test_valor_dependientes_invalido" time="0.000"/>
	<testcase classname="TestDescuentos" name="test_mayores_edad_mayor_80_1" time="0.000">
		<error message="Tuples differ: ('Descuento para mayores de edad', 500.0) != ('Descuento para mayores de edad', 1000)

First differing element 1:
500.0
1000

- ('Descuento para mayores de edad', 500.0)
?                                    ^  -

+ ('Descuento para mayores de edad', 1000)
?                                    ^
" type="AssertionError">
<![CDATA[Traceback (most recent call last):
  File "test.py", line 110, in test_mayores_edad_mayor_80_1
    self.assertEqual(returned, ('Descuento para mayores de edad', 1000))
AssertionError: Tuples differ: ('Descuento para mayores de edad', 500.0) != ('Descuento para mayores de edad', 1000)

First differing element 1:
500.0
1000

- ('Descuento para mayores de edad', 500.0)
?                                    ^  -

+ ('Descuento para mayores de edad', 1000)
?                                    ^

]]>		</error>
	</testcase>
	<system-out>
<![CDATA[]]>	</system-out>
	<system-err>
<![CDATA[]]>	</system-err>
</testsuite>
