<?xml version="1.0" ?>
<testsuite errors="1" failures="0" name="TestDescuentos-20190826084542" tests="10" time="0.010">
	<testcase classname="TestDescuentos" name="test_clientes_iniciales_cotizacion" time="0.000"/>
	<testcase classname="TestDescuentos" name="test_clientes_iniciales_edad" time="0.000"/>
	<testcase classname="TestDescuentos" name="test_clientes_mayor_5000_1" time="0.000"/>
	<testcase classname="TestDescuentos" name="test_clientes_menor_5000_1" time="0.000"/>
	<testcase classname="TestDescuentos" name="test_clientes_menor_5000_2" time="0.000"/>
	<testcase classname="TestDescuentos" name="test_edad_invalido" time="0.000"/>
	<testcase classname="TestDescuentos" name="test_nombre_casos_prueba" time="0.000"/>
	<testcase classname="TestDescuentos" name="test_valor_cotizado_invalido" time="0.000"/>
	<testcase classname="TestDescuentos" name="test_valor_dependientes_invalido" time="0.000"/>
	<testcase classname="TestDescuentos" name="test_familias_dependientes_mayor_6" time="0.010">
		<error message="Tuples differ: ('Descuento para familias', 660.0000000000001) != ('Descuento para familias', 660)

First differing element 1:
660.0000000000001
660

- ('Descuento para familias', 660.0000000000001)
?                                --------------

+ ('Descuento para familias', 660)" type="AssertionError">
<![CDATA[Traceback (most recent call last):
  File "test.py", line 67, in test_familias_dependientes_mayor_6
    self.assertEqual(returned, ('Descuento para familias', 660))
AssertionError: Tuples differ: ('Descuento para familias', 660.0000000000001) != ('Descuento para familias', 660)

First differing element 1:
660.0000000000001
660

- ('Descuento para familias', 660.0000000000001)
?                                --------------

+ ('Descuento para familias', 660)
]]>		</error>
	</testcase>
	<system-out>
<![CDATA[]]>	</system-out>
	<system-err>
<![CDATA[]]>	</system-err>
</testsuite>
