<?xml version="1.0" ?>
<testsuite errors="1" failures="0" name="TestDescuentos-20190826094302" tests="1" time="0.000">
	<testcase classname="TestDescuentos" name="test_comprobar_variables" time="0.000">
		<error message="name 'calcular_descuento' is not defined" type="NameError">
<![CDATA[Traceback (most recent call last):
  File "test.py", line 16, in test_comprobar_variables
    mensaje, descuento = calcular_descuento(19,501,0)
NameError: name 'calcular_descuento' is not defined
]]>		</error>
	</testcase>
	<system-out>
<![CDATA[]]>	</system-out>
	<system-err>
<![CDATA[]]>	</system-err>
</testsuite>
