<?xml version="1.0" ?>
<testsuite errors="1" failures="0" name="TestDescuentos-20190826084738" tests="1" time="0.000">
	<testcase classname="TestDescuentos" name="test_descuento1" time="0.000">
		<error message="name 'calcular_descuento' is not defined" type="NameError">
<![CDATA[Traceback (most recent call last):
  File "test.py", line 20, in test_descuento1
    mensaje_obtenido, descuento_obtenido=calcular_descuento(edad, valor_cotizado, dependientes)
NameError: name 'calcular_descuento' is not defined
]]>		</error>
	</testcase>
	<system-out>
<![CDATA[]]>	</system-out>
	<system-err>
<![CDATA[]]>	</system-err>
</testsuite>
