<?xml version="1.0" ?>
<testsuite errors="1" failures="0" name="TestDescuentos-20190826092328" tests="11" time="0.001">
	<testcase classname="TestDescuentos" name="test_edad_69_dependiente_1_valor_4000" time="0.000"/>
	<testcase classname="TestDescuentos" name="test_edad_80" time="0.000"/>
	<testcase classname="TestDescuentos" name="test_edad_80_dependiente_0" time="0.000"/>
	<testcase classname="TestDescuentos" name="test_mayor_dependiente_0" time="0.000"/>
	<testcase classname="TestDescuentos" name="test_mayor_dependiente_3" time="0.000"/>
	<testcase classname="TestDescuentos" name="test_mayor_dependiente_5" time="0.000"/>
	<testcase classname="TestDescuentos" name="test_mayor_dependiente_7" time="0.000"/>
	<testcase classname="TestDescuentos" name="test_mayor_edad" time="0.000"/>
	<testcase classname="TestDescuentos" name="test_mayor_edad_2" time="0.000"/>
	<testcase classname="TestDescuentos" name="test_menor_edad" time="0.000"/>
	<testcase classname="TestDescuentos" name="test_edad_69_dependiente_1" time="0.001">
		<error message="Tuples differ: ('Descuento para clientes', 100.0) != ('Descuento para clientes', 100.02)

First differing element 1:
100.0
100.02

- ('Descuento para clientes', 100.0)
+ ('Descuento para clientes', 100.02)
?                                  +
" type="AssertionError">
<![CDATA[Traceback (most recent call last):
  File "test.py", line 93, in test_edad_69_dependiente_1
    self.assertEqual(mjs, mjs_esperado)
AssertionError: Tuples differ: ('Descuento para clientes', 100.0) != ('Descuento para clientes', 100.02)

First differing element 1:
100.0
100.02

- ('Descuento para clientes', 100.0)
+ ('Descuento para clientes', 100.02)
?                                  +

]]>		</error>
	</testcase>
	<system-out>
<![CDATA[]]>	</system-out>
	<system-err>
<![CDATA[]]>	</system-err>
</testsuite>
